<?xml version="1.0" encoding="UTF-8"?>
<!-- Generated by org.testng.reporters.JUnitXMLReporter -->
<testsuite ignored="0" hostname="DESKTOP-2ARDBL8" failures="0" tests="4" name="Smoke testing" time="78.678" errors="0" timestamp="2023-10-13T08:35:11 IST">
  <testcase classname="com.sevenrmartsupermarket.tests.LoginTest" name="verifyInvalidLoginErrorMessage" time="2.051"/>
  <testcase classname="com.sevenrmartsupermarket.tests.LoginTest" name="verifyLoginFunctionality" time="1.977"/>
  <testcase classname="com.sevenrmartsupermarket.tests.LoginTest" name="verifyStaffLogin" time="1.17"/>
  <testcase classname="com.sevenrmartsupermarket.tests.PushNotificationsTest" name="verifyPushNotificationsSuccessMessage" time="7.273"/>
</testsuite> <!-- Smoke testing -->
