<?xml version="1.0" encoding="UTF-8"?>
<!-- Generated by org.testng.reporters.JUnitXMLReporter -->
<testsuite ignored="4" hostname="DESKTOP-2ARDBL8" failures="0" tests="1" name="Default test" time="17.35" errors="0" timestamp="2023-10-16T18:22:55 IST">
  <testcase classname="com.sevenrmartsupermarket.tests.AdminUsersTest" name="verifyUserDeletion" time="3.591"/>
  <testcase classname="com.sevenrmartsupermarket.tests.AdminUsersTest" name="verifyGetUserDetails" time="0.0">
    <ignored/>
  </testcase> <!-- verifyGetUserDetails -->
  <testcase classname="com.sevenrmartsupermarket.tests.AdminUsersTest" name="createUser" time="0.0">
    <ignored/>
  </testcase> <!-- createUser -->
  <testcase classname="com.sevenrmartsupermarket.tests.AdminUsersTest" name="verifyUserDeactivation" time="0.0">
    <ignored/>
  </testcase> <!-- verifyUserDeactivation -->
  <testcase classname="com.sevenrmartsupermarket.tests.AdminUsersTest" name="verifyUser" time="0.0">
    <ignored/>
  </testcase> <!-- verifyUser -->
</testsuite> <!-- Default test -->
