<?xml version="1.0" encoding="UTF-8"?>
<!-- Generated by org.testng.reporters.JUnitXMLReporter -->
<testsuite ignored="5" hostname="DESKTOP-2ARDBL8" failures="0" tests="2" name="Smoke test execution" time="60.025" errors="0" timestamp="13 Oct 2023 02:04:35 GMT">
  <testcase classname="com.sevenrmartsupermarket.tests.AdminUsersTest" name="verifyUserDeactivation" time="4.708"/>
  <testcase classname="com.sevenrmartsupermarket.tests.ManageContentTest" name="addPages" time="5.586"/>
  <testcase classname="com.sevenrmartsupermarket.tests.AdminUsersTest" name="verifyUser" time="0.0">
    <ignored/>
  </testcase> <!-- verifyUser -->
  <testcase classname="com.sevenrmartsupermarket.tests.PushNotificationsTest" name="verifyPushNotificationsSuccessMessage" time="0.0">
    <ignored/>
  </testcase> <!-- verifyPushNotificationsSuccessMessage -->
  <testcase classname="com.sevenrmartsupermarket.tests.AdminUsersTest" name="createUser" time="0.0">
    <ignored/>
  </testcase> <!-- createUser -->
  <testcase classname="com.sevenrmartsupermarket.tests.AdminUsersTest" name="verifyUserDeletion" time="0.0">
    <ignored/>
  </testcase> <!-- verifyUserDeletion -->
  <testcase classname="com.sevenrmartsupermarket.tests.AdminUsersTest" name="verifyGetUserDetails" time="0.0">
    <ignored/>
  </testcase> <!-- verifyGetUserDetails -->
</testsuite> <!-- Smoke test execution -->
