<?xml version="1.0" encoding="UTF-8"?>
<testng-results ignored="0" total="1" passed="1" failed="0" skipped="0">
  <reporter-output>
  </reporter-output>
  <suite started-at="2023-10-16T18:22:38 IST" name="Default suite" finished-at="2023-10-16T18:22:55 IST" duration-ms="17350">
    <groups>
      <group name="Sanity Test">
        <method signature="AdminUsersTest.verifyUserDeletion()[pri:0, instance:com.sevenrmartsupermarket.tests.AdminUsersTest@18271936]" name="verifyUserDeletion" class="com.sevenrmartsupermarket.tests.AdminUsersTest"/>
      </group> <!-- Sanity Test -->
    </groups>
    <test started-at="2023-10-16T18:22:38 IST" name="Default test" finished-at="2023-10-16T18:22:55 IST" duration-ms="17350">
      <class name="com.sevenrmartsupermarket.tests.AdminUsersTest">
        <test-method is-config="true" signature="launchBrowser()[pri:0, instance:com.sevenrmartsupermarket.tests.AdminUsersTest@18271936]" started-at="2023-10-16T18:22:38 IST" name="launchBrowser" finished-at="2023-10-16T18:22:51 IST" duration-ms="13149" status="PASS">
          <reporter-output>
          </reporter-output>
        </test-method> <!-- launchBrowser -->
        <test-method signature="verifyUserDeletion()[pri:0, instance:com.sevenrmartsupermarket.tests.AdminUsersTest@18271936]" started-at="2023-10-16T18:22:51 IST" name="verifyUserDeletion" finished-at="2023-10-16T18:22:54 IST" duration-ms="3591" status="PASS">
          <reporter-output>
          </reporter-output>
        </test-method> <!-- verifyUserDeletion -->
        <test-method is-config="true" signature="endSession(org.testng.ITestResult)[pri:0, instance:com.sevenrmartsupermarket.tests.AdminUsersTest@18271936]" started-at="2023-10-16T18:22:54 IST" name="endSession" finished-at="2023-10-16T18:22:55 IST" duration-ms="522" status="PASS">
          <params>
            <param index="0">
              <value>
                <![CDATA[[TestResult name=verifyUserDeletion status=SUCCESS method=AdminUsersTest.verifyUserDeletion()[pri:0, instance:com.sevenrmartsupermarket.tests.AdminUsersTest@18271936] output={null}]]]>
              </value>
            </param>
          </params>
          <reporter-output>
          </reporter-output>
        </test-method> <!-- endSession -->
      </class> <!-- com.sevenrmartsupermarket.tests.AdminUsersTest -->
    </test> <!-- Default test -->
  </suite> <!-- Default suite -->
</testng-results>
